{"level":"info","message":"Server started","timestamp":"2025-05-01T06:53:39.426Z"}
{"level":"info","message":"Server started","timestamp":"2025-05-01T06:54:05.581Z"}
{"level":"info","message":"Server started","timestamp":"2025-05-01T06:54:06.812Z"}
{"level":"info","message":"Server started","timestamp":"2025-05-01T06:54:08.675Z"}
{"level":"info","message":"Server started","timestamp":"2025-05-01T06:54:10.466Z"}
{"level":"info","message":"Server runnin on port","timestamp":"2025-05-01T06:54:19.431Z"}
{"level":"info","message":"Server runnin on port","timestamp":"2025-05-01T06:54:21.153Z"}
{"level":"info","message":"Server runnin on port","timestamp":"2025-05-01T06:54:22.694Z"}
{"level":"info","message":"Server runnin on port","timestamp":"2025-05-01T06:54:27.021Z"}
{"level":"info","message":"Server runnin on port","timestamp":"2025-05-01T06:54:35.273Z"}
{"level":"info","message":"Server runnin on port","timestamp":"2025-05-01T06:54:40.929Z"}
{"level":"info","message":"Server runnin on port 2000","timestamp":"2025-05-01T06:55:02.912Z"}
{"level":"info","message":"Server runnin on port 2000","timestamp":"2025-05-01T06:57:07.770Z"}
{"level":"info","message":"Server runnin on port 2000","timestamp":"2025-05-01T07:02:34.465Z"}
{"level":"error","message":"Danggg: Database error","timestamp":"2025-05-01T07:04:35.009Z"}
{"level":"info","message":"Server running on port 2000","timestamp":"2025-05-01T07:04:35.010Z"}
{"level":"error","message":"Danggg! Database error","timestamp":"2025-05-01T07:05:11.907Z"}
{"level":"info","message":"Server running on port 2000","timestamp":"2025-05-01T07:05:11.908Z"}
{"level":"info","message":"Server running on port 2000","timestamp":"2025-05-01T07:05:27.899Z"}
{"level":"info","message":"Server running on port 2000","timestamp":"2025-05-01T07:05:30.254Z"}
{"level":"info","message":"Server running on port 2000","timestamp":"2025-05-01T07:05:43.266Z"}
{"level":"info","message":"Server running on port 2000","timestamp":"2025-05-01T07:05:44.772Z"}
{"level":"info","message":"Server running on port 2000","timestamp":"2025-05-01T07:05:47.078Z"}
{"level":"info","message":"Server running on port 2000","timestamp":"2025-05-01T07:05:57.399Z"}
{"level":"info","message":"Server running on port 2000","timestamp":"2025-05-01T07:05:59.918Z"}
{"level":"info","message":"Server running on port 2000","timestamp":"2025-05-01T07:06:02.440Z"}
{"level":"info","message":"Server running on port 2000","timestamp":"2025-05-01T07:06:12.165Z"}
{"level":"info","message":"Server running on port 2000","timestamp":"2025-05-01T07:06:19.362Z"}
{"level":"info","message":"Server running on port 2000","timestamp":"2025-05-01T07:06:21.677Z"}
{"level":"info","message":"Server running on port 2000","timestamp":"2025-05-01T07:08:31.305Z"}
{"level":"error","message":"Danggg: Super admin already exist","timestamp":"2025-05-01T07:09:17.352Z"}
{"level":"error","message":"Danggg: E11000 duplicate key error collection: e-navbat-n20.admins index: username_1 dup key: { username: \"Toshmat\" }","timestamp":"2025-05-01T07:09:17.403Z"}
{"level":"info","message":"Server running on port 2000","timestamp":"2025-05-01T08:25:54.625Z"}
{"level":"info","message":"Server running on port 2000","timestamp":"2025-05-02T07:18:11.465Z"}
{"level":"error","message":"Danggg: Admin not found","timestamp":"2025-05-02T07:19:23.889Z"}
{"level":"error","message":"Danggg: Forbidden user","timestamp":"2025-05-02T07:22:40.607Z"}
{"level":"error","message":"Danggg: Authorization error","timestamp":"2025-05-02T07:23:31.242Z"}
{"level":"info","message":"Server running on port 2000","timestamp":"2025-05-02T07:23:45.899Z"}
{"level":"info","message":"Server running on port 2000","timestamp":"2025-05-02T07:23:58.398Z"}
{"level":"info","message":"Server running on port 2000","timestamp":"2025-05-02T07:26:38.407Z"}
{"level":"error","message":"Danggg: Authorization error","timestamp":"2025-05-02T07:27:01.998Z"}
{"level":"info","message":"Server running on port 2000","timestamp":"2025-05-02T07:29:11.546Z"}
{"level":"info","message":"Server running on port 2000","timestamp":"2025-05-02T07:29:13.204Z"}
{"level":"info","message":"Server running on port 2000","timestamp":"2025-05-02T07:29:16.508Z"}
{"level":"info","message":"Server running on port 2000","timestamp":"2025-05-02T07:30:08.804Z"}
{"level":"info","message":"Server running on port 2000","timestamp":"2025-05-02T07:31:41.629Z"}
{"level":"error","message":"Danggg: Cannot populate path `Graph` because it is not in your schema. Set the `strictPopulate` option to false to override.","timestamp":"2025-05-02T07:31:43.756Z"}
{"level":"error","message":"Danggg: Cannot populate path `Graph` because it is not in your schema. Set the `strictPopulate` option to false to override.","timestamp":"2025-05-02T07:31:45.585Z"}
{"level":"info","message":"Server running on port 2000","timestamp":"2025-05-02T07:31:49.320Z"}
{"level":"info","message":"Server running on port 2000","timestamp":"2025-05-02T07:31:51.530Z"}
{"level":"info","message":"Server running on port 2000","timestamp":"2025-05-02T07:32:57.110Z"}
{"level":"info","message":"Server running on port 2000","timestamp":"2025-05-02T07:33:23.986Z"}
{"level":"info","message":"Server running on port 2000","timestamp":"2025-05-02T07:33:37.574Z"}
{"level":"info","message":"Server running on port 2000","timestamp":"2025-05-02T07:33:53.240Z"}
{"level":"info","message":"Server running on port 2000","timestamp":"2025-05-02T07:35:36.507Z"}
{"level":"error","message":"Danggg: ValidationError: \"graphs\" is not allowed","timestamp":"2025-05-02T07:37:38.044Z"}
{"level":"error","message":"Danggg: ValidationError: \"graphs\" is not allowed","timestamp":"2025-05-02T07:37:50.402Z"}
{"level":"info","message":"Server running on port 2000","timestamp":"2025-05-05T05:34:21.235Z"}
{"level":"error","message":"Danggg: Phone number already exist","timestamp":"2025-05-05T05:36:41.508Z"}
{"level":"error","message":"Danggg: Phone number already exist","timestamp":"2025-05-05T05:36:50.304Z"}
